<?xml version="1.0" encoding="UTF-8"?>
<testng-results skipped="0" failed="0" total="2" passed="2">
  <reporter-output>
  </reporter-output>
  <suite name="Default suite" duration-ms="27446" started-at="2017-03-17T10:18:58Z" finished-at="2017-03-17T10:19:25Z">
    <groups>
    </groups>
    <test name="Default test" duration-ms="27446" started-at="2017-03-17T10:18:58Z" finished-at="2017-03-17T10:19:25Z">
      <class name="TestNG.wordpress_site">
        <test-method status="PASS" signature="launchapp()[pri:0, instance:TestNG.wordpress_site@6cc4c815]" name="launchapp" is-config="true" duration-ms="5121" started-at="2017-03-17T12:18:58Z" finished-at="2017-03-17T12:19:03Z">
          <reporter-output>
          </reporter-output>
        </test-method> <!-- launchapp -->
        <test-method status="PASS" signature="WP_01_Login()[pri:0, instance:TestNG.wordpress_site@6cc4c815]" name="WP_01_Login" duration-ms="6804" started-at="2017-03-17T12:19:03Z" finished-at="2017-03-17T12:19:10Z">
          <reporter-output>
          </reporter-output>
        </test-method> <!-- WP_01_Login -->
        <test-method status="PASS" signature="WP_02_Add_Post()[pri:0, instance:TestNG.wordpress_site@6cc4c815]" name="WP_02_Add_Post" duration-ms="15214" started-at="2017-03-17T12:19:10Z" finished-at="2017-03-17T12:19:25Z">
          <reporter-output>
          </reporter-output>
        </test-method> <!-- WP_02_Add_Post -->
        <test-method status="PASS" signature="terminatetest()[pri:0, instance:TestNG.wordpress_site@6cc4c815]" name="terminatetest" is-config="true" duration-ms="295" started-at="2017-03-17T12:19:25Z" finished-at="2017-03-17T12:19:25Z">
          <reporter-output>
          </reporter-output>
        </test-method> <!-- terminatetest -->
      </class> <!-- TestNG.wordpress_site -->
    </test> <!-- Default test -->
  </suite> <!-- Default suite -->
</testng-results>
